This file contains any messages produced by compilers while
running configure, to aid debugging if configure makes a mistake.

It was created by configure, which was
generated by GNU Autoconf 2.65.  Invocation command line was

  $ ./configure

## --------- ##
## Platform. ##
## --------- ##

hostname = martin-laptop
uname -m = i686
uname -r = 2.6.32-30-generic
uname -s = Linux
uname -v = #59-Ubuntu SMP Tue Mar 1 21:30:21 UTC 2011

/usr/bin/uname -p = unknown
/bin/uname -X     = unknown

/bin/arch              = unknown
/usr/bin/arch -k       = unknown
/usr/convex/getsysinfo = unknown
/usr/bin/hostinfo      = unknown
/bin/machine           = unknown
/usr/bin/oslevel       = unknown
/bin/universe          = unknown

PATH: /usr/local/sbin
PATH: /usr/local/bin
PATH: /usr/sbin
PATH: /usr/bin
PATH: /sbin
PATH: /bin
PATH: /usr/games


## ----------- ##
## Core tests. ##
## ----------- ##

configure:2182: checking for grep that handles long lines and -e
configure:2240: result: /bin/grep
configure:2245: checking for egrep
configure:2307: result: /bin/grep -E
configure:2312: checking for a sed that does not truncate output
configure:2376: result: /bin/sed
configure:2510: checking for cc
configure:2526: found /usr/bin/cc
configure:2537: result: cc
configure:2568: checking for C compiler version
configure:2577: cc --version >&5
cc (Ubuntu 4.4.3-4ubuntu5) 4.4.3
Copyright (C) 2009 Free Software Foundation, Inc.
This is free software; see the source for copying conditions.  There is NO
warranty; not even for MERCHANTABILITY or FITNESS FOR A PARTICULAR PURPOSE.

configure:2588: $? = 0
configure:2577: cc -v >&5
Using built-in specs.
Target: i486-linux-gnu
Configured with: ../src/configure -v --with-pkgversion='Ubuntu 4.4.3-4ubuntu5' --with-bugurl=file:///usr/share/doc/gcc-4.4/README.Bugs --enable-languages=c,c++,fortran,objc,obj-c++ --prefix=/usr --enable-shared --enable-multiarch --enable-linker-build-id --with-system-zlib --libexecdir=/usr/lib --without-included-gettext --enable-threads=posix --with-gxx-include-dir=/usr/include/c++/4.4 --program-suffix=-4.4 --enable-nls --enable-clocale=gnu --enable-libstdcxx-debug --enable-plugin --enable-objc-gc --enable-targets=all --disable-werror --with-arch-32=i486 --with-tune=generic --enable-checking=release --build=i486-linux-gnu --host=i486-linux-gnu --target=i486-linux-gnu
Thread model: posix
gcc version 4.4.3 (Ubuntu 4.4.3-4ubuntu5)
configure:2588: $? = 0
configure:2577: cc -V >&5
cc: '-V' option must have argument
configure:2588: $? = 1
configure:2577: cc -qversion >&5
cc: unrecognized option '-qversion'
cc: no input files
configure:2588: $? = 1
configure:2608: checking whether the C compiler works
configure:2630: cc    conftest.c  >&5
configure:2634: $? = 0
configure:2683: result: yes
configure:2686: checking for C compiler default output file name
configure:2688: result: a.out
configure:2694: checking for suffix of executables
configure:2701: cc -o conftest    conftest.c  >&5
configure:2705: $? = 0
configure:2727: result:
configure:2749: checking whether we are cross compiling
configure:2757: cc -o conftest    conftest.c  >&5
configure:2761: $? = 0
configure:2768: ./conftest
configure:2772: $? = 0
configure:2787: result: no
configure:2792: checking for suffix of object files
configure:2814: cc -c   conftest.c >&5
configure:2818: $? = 0
configure:2839: result: o
configure:2843: checking whether we are using the GNU C compiler
configure:2862: cc -c   conftest.c >&5
configure:2862: $? = 0
configure:2871: result: yes
configure:2880: checking whether cc accepts -g
configure:2900: cc -c -g  conftest.c >&5
configure:2900: $? = 0
configure:2941: result: yes
configure:2958: checking for cc option to accept ISO C89
configure:3022: cc  -c -g -O2  conftest.c >&5
configure:3022: $? = 0
configure:3035: result: none needed
configure:3061: checking how to run the C preprocessor
configure:3092: cc -E  conftest.c
configure:3092: $? = 0
configure:3106: cc -E  conftest.c
conftest.c:9:28: error: ac_nonexistent.h: No such file or directory
configure:3106: $? = 1
configure: failed program was:
| /* confdefs.h */
| #define PACKAGE_NAME ""
| #define PACKAGE_TARNAME ""
| #define PACKAGE_VERSION ""
| #define PACKAGE_STRING ""
| #define PACKAGE_BUGREPORT ""
| #define PACKAGE_URL ""
| /* end confdefs.h.  */
| #include <ac_nonexistent.h>
configure:3131: result: cc -E
configure:3151: cc -E  conftest.c
configure:3151: $? = 0
configure:3165: cc -E  conftest.c
conftest.c:9:28: error: ac_nonexistent.h: No such file or directory
configure:3165: $? = 1
configure: failed program was:
| /* confdefs.h */
| #define PACKAGE_NAME ""
| #define PACKAGE_TARNAME ""
| #define PACKAGE_VERSION ""
| #define PACKAGE_STRING ""
| #define PACKAGE_BUGREPORT ""
| #define PACKAGE_URL ""
| /* end confdefs.h.  */
| #include <ac_nonexistent.h>
configure:3196: checking for icc
configure:3205: result: no
configure:3219: checking for suncc
configure:3228: result: no
configure:3246: checking whether cc understands -c and -o together
configure:3274: cc -c conftest.c -o conftest2.o >&5
configure:3278: $? = 0
configure:3284: cc -c conftest.c -o conftest2.o >&5
configure:3288: $? = 0
configure:3343: result: yes
configure:3357: checking for system library directory
configure:3375: result: lib
configure:3382: checking if compiler supports -R
configure:3401: cc -o conftest -g -O2   conftest.c -R /usr/lib  >&5
cc: unrecognized option '-R'
/usr/bin/ld: /usr/lib: No such file: File format not recognized
collect2: ld returned 1 exit status
configure:3401: $? = 1
configure: failed program was:
| /* confdefs.h */
| #define PACKAGE_NAME ""
| #define PACKAGE_TARNAME ""
| #define PACKAGE_VERSION ""
| #define PACKAGE_STRING ""
| #define PACKAGE_BUGREPORT ""
| #define PACKAGE_URL ""
| /* end confdefs.h.  */
|
| int
| main ()
| {
|
|   ;
|   return 0;
| }
configure:3411: result: no
configure:3416: checking if compiler supports -Wl,-rpath,
configure:3435: cc -o conftest -g -O2   conftest.c -Wl,-rpath,/usr/lib  >&5
configure:3435: $? = 0
configure:3445: result: yes
configure:3484: checking build system type
configure:3498: result: i686-pc-linux-gnu
configure:3518: checking host system type
configure:3531: result: i686-pc-linux-gnu
configure:3551: checking target system type
configure:3564: result: i686-pc-linux-gnu
configure:3670: checking for PHP prefix
configure:3672: result: /usr
configure:3674: checking for PHP includes
configure:3676: result: -I/usr/include/php5 -I/usr/include/php5/main -I/usr/include/php5/TSRM -I/usr/include/php5/Zend -I/usr/include/php5/ext -I/usr/include/php5/ext/date/lib -D_LARGEFILE_SOURCE -D_FILE_OFFSET_BITS=64
configure:3678: checking for PHP extension directory
configure:3680: result: /usr/lib/php5/20090626+lfs
configure:3682: checking for PHP installed headers prefix
configure:3684: result: /usr/include/php5
configure:3687: checking if debug is enabled
configure:3713: result: no
configure:3716: checking if zts is enabled
configure:3742: result: no
configure:3816: checking for re2c
configure:3846: result: no
configure:3871: WARNING: You will need re2c 0.13.4 or later if you want to regenerate PHP parsers.
configure:3885: checking for gawk
configure:3902: found /usr/bin/gawk
configure:3913: result: gawk
configure:3961: checking whether to enable tipi support
configure:4003: result: yes, shared
configure:4345: checking for a sed that does not truncate output
configure:4409: result: /bin/sed
configure:4427: checking for fgrep
configure:4489: result: /bin/grep -F
configure:4524: checking for ld used by cc
configure:4591: result: /usr/bin/ld
configure:4598: checking if the linker (/usr/bin/ld) is GNU ld
configure:4613: result: yes
configure:4625: checking for BSD- or MS-compatible name lister (nm)
configure:4674: result: /usr/bin/nm -B
configure:4792: checking the name lister (/usr/bin/nm -B) interface
configure:4799: cc -c -g -O2  conftest.c >&5
configure:4802: /usr/bin/nm -B "conftest.o"
configure:4805: output
00000000 B some_variable
configure:4812: result: BSD nm
configure:4815: checking whether ln -s works
configure:4819: result: yes
configure:4827: checking the maximum length of command line arguments
configure:4947: result: 1572864
configure:4964: checking whether the shell understands some XSI constructs
configure:4974: result: yes
configure:4978: checking whether the shell understands "+="
configure:4984: result: yes
configure:5019: checking for /usr/bin/ld option to reload object files
configure:5026: result: -r
configure:5095: checking for objdump
configure:5111: found /usr/bin/objdump
configure:5122: result: objdump
configure:5154: checking how to recognize dependent libraries
configure:5350: result: pass_all
configure:5410: checking for ar
configure:5426: found /usr/bin/ar
configure:5437: result: ar
configure:5515: checking for strip
configure:5531: found /usr/bin/strip
configure:5542: result: strip
configure:5614: checking for ranlib
configure:5630: found /usr/bin/ranlib
configure:5641: result: ranlib
configure:5731: checking command to parse /usr/bin/nm -B output from cc object
configure:5849: cc -c -g -O2  conftest.c >&5
configure:5852: $? = 0
configure:5856: /usr/bin/nm -B conftest.o \| sed -n -e 's/^.*[	 ]\([ABCDGIRSTW][ABCDGIRSTW]*\)[	 ][	 ]*\([_A-Za-z][_A-Za-z0-9]*\)$/\1 \2 \2/p' \> conftest.nm
configure:5859: $? = 0
configure:5913: cc -o conftest -g -O2   conftest.c conftstm.o >&5
configure:5916: $? = 0
configure:5954: result: ok
configure:6757: checking for ANSI C header files
configure:6777: cc -c -g -O2  conftest.c >&5
configure:6777: $? = 0
configure:6850: cc -o conftest -g -O2   conftest.c  >&5
configure:6850: $? = 0
configure:6850: ./conftest
configure:6850: $? = 0
configure:6861: result: yes
configure:6874: checking for sys/types.h
configure:6874: cc -c -g -O2  conftest.c >&5
configure:6874: $? = 0
configure:6874: result: yes
configure:6874: checking for sys/stat.h
configure:6874: cc -c -g -O2  conftest.c >&5
configure:6874: $? = 0
configure:6874: result: yes
configure:6874: checking for stdlib.h
configure:6874: cc -c -g -O2  conftest.c >&5
configure:6874: $? = 0
configure:6874: result: yes
configure:6874: checking for string.h
configure:6874: cc -c -g -O2  conftest.c >&5
configure:6874: $? = 0
configure:6874: result: yes
configure:6874: checking for memory.h
configure:6874: cc -c -g -O2  conftest.c >&5
configure:6874: $? = 0
configure:6874: result: yes
configure:6874: checking for strings.h
configure:6874: cc -c -g -O2  conftest.c >&5
configure:6874: $? = 0
configure:6874: result: yes
configure:6874: checking for inttypes.h
configure:6874: cc -c -g -O2  conftest.c >&5
configure:6874: $? = 0
configure:6874: result: yes
configure:6874: checking for stdint.h
configure:6874: cc -c -g -O2  conftest.c >&5
configure:6874: $? = 0
configure:6874: result: yes
configure:6874: checking for unistd.h
configure:6874: cc -c -g -O2  conftest.c >&5
configure:6874: $? = 0
configure:6874: result: yes
configure:6889: checking for dlfcn.h
configure:6889: cc -c -g -O2  conftest.c >&5
configure:6889: $? = 0
configure:6889: result: yes
configure:7073: checking for objdir
configure:7088: result: .libs
configure:7384: checking if cc supports -fno-rtti -fno-exceptions
configure:7402: cc -c -g -O2  -fno-rtti -fno-exceptions conftest.c >&5
cc1: warning: command line option "-fno-rtti" is valid for C++/ObjC++ but not for C
configure:7406: $? = 0
configure:7419: result: no
configure:7439: checking for cc option to produce PIC
configure:7711: result: -fPIC -DPIC
configure:7723: checking if cc PIC flag -fPIC -DPIC works
configure:7741: cc -c -g -O2  -fPIC -DPIC -DPIC conftest.c >&5
configure:7745: $? = 0
configure:7758: result: yes
configure:7782: checking if cc static flag -static works
configure:7810: result: yes
configure:7825: checking if cc supports -c -o file.o
configure:7846: cc -c -g -O2  -o out/conftest2.o conftest.c >&5
configure:7850: $? = 0
configure:7872: result: yes
configure:7880: checking if cc supports -c -o file.o
configure:7927: result: yes
configure:7960: checking whether the cc linker (/usr/bin/ld) supports shared libraries
configure:8951: result: yes
configure:8988: checking whether -lc should be explicitly linked in
configure:8993: cc -c -g -O2  conftest.c >&5
configure:8996: $? = 0
configure:9011: cc -shared conftest.o  -v -Wl,-soname -Wl,conftest -o conftest 2\>\&1 \| /bin/grep  -lc  \>/dev/null 2\>\&1
configure:9014: $? = 0
configure:9026: result: no
configure:9190: checking dynamic linker characteristics
configure:9623: cc -o conftest -g -O2   -Wl,-rpath -Wl,/foo conftest.c  >&5
configure:9623: $? = 0
configure:9853: result: GNU/Linux ld.so
configure:9955: checking how to hardcode library paths into programs
configure:9980: result: immediate
configure:10500: checking whether stripping libraries is possible
configure:10505: result: yes
configure:10540: checking if libtool supports shared libraries
configure:10542: result: yes
configure:10545: checking whether to build shared libraries
configure:10566: result: yes
configure:10569: checking whether to build static libraries
configure:10573: result: no
configure:10835: creating ./config.status

## ---------------------- ##
## Running config.status. ##
## ---------------------- ##

This file was extended by config.status, which was
generated by GNU Autoconf 2.65.  Invocation command line was

  CONFIG_FILES    =
  CONFIG_HEADERS  =
  CONFIG_LINKS    =
  CONFIG_COMMANDS =
  $ ./config.status

on martin-laptop

config.status:875: creating config.h
config.status:965: config.h is unchanged
config.status:979: executing libtool commands

## ---------------- ##
## Cache variables. ##
## ---------------- ##

ac_cv_build=i686-pc-linux-gnu
ac_cv_c_compiler_gnu=yes
ac_cv_env_CC_set=
ac_cv_env_CC_value=
ac_cv_env_CFLAGS_set=
ac_cv_env_CFLAGS_value=
ac_cv_env_CPPFLAGS_set=
ac_cv_env_CPPFLAGS_value=
ac_cv_env_CPP_set=
ac_cv_env_CPP_value=
ac_cv_env_LDFLAGS_set=
ac_cv_env_LDFLAGS_value=
ac_cv_env_LIBS_set=
ac_cv_env_LIBS_value=
ac_cv_env_build_alias_set=
ac_cv_env_build_alias_value=
ac_cv_env_host_alias_set=
ac_cv_env_host_alias_value=
ac_cv_env_target_alias_set=
ac_cv_env_target_alias_value=
ac_cv_header_dlfcn_h=yes
ac_cv_header_inttypes_h=yes
ac_cv_header_memory_h=yes
ac_cv_header_stdc=yes
ac_cv_header_stdint_h=yes
ac_cv_header_stdlib_h=yes
ac_cv_header_string_h=yes
ac_cv_header_strings_h=yes
ac_cv_header_sys_stat_h=yes
ac_cv_header_sys_types_h=yes
ac_cv_header_unistd_h=yes
ac_cv_host=i686-pc-linux-gnu
ac_cv_objext=o
ac_cv_path_EGREP='/bin/grep -E'
ac_cv_path_FGREP='/bin/grep -F'
ac_cv_path_GREP=/bin/grep
ac_cv_path_SED=/bin/sed
ac_cv_prog_AWK=gawk
ac_cv_prog_CPP='cc -E'
ac_cv_prog_ac_ct_AR=ar
ac_cv_prog_ac_ct_CC=cc
ac_cv_prog_ac_ct_OBJDUMP=objdump
ac_cv_prog_ac_ct_RANLIB=ranlib
ac_cv_prog_ac_ct_STRIP=strip
ac_cv_prog_cc_c89=
ac_cv_prog_cc_cc_c_o=yes
ac_cv_prog_cc_g=yes
ac_cv_target=i686-pc-linux-gnu
lt_cv_deplibs_check_method=pass_all
lt_cv_file_magic_cmd='$MAGIC_CMD'
lt_cv_file_magic_test_file=
lt_cv_ld_reload_flag=-r
lt_cv_nm_interface='BSD nm'
lt_cv_objdir=.libs
lt_cv_path_LD=/usr/bin/ld
lt_cv_path_NM='/usr/bin/nm -B'
lt_cv_prog_compiler_c_o=yes
lt_cv_prog_compiler_pic_works=yes
lt_cv_prog_compiler_rtti_exceptions=no
lt_cv_prog_compiler_static_works=yes
lt_cv_prog_gnu_ld=yes
lt_cv_sys_global_symbol_pipe='sed -n -e '\''s/^.*[	 ]\([ABCDGIRSTW][ABCDGIRSTW]*\)[	 ][	 ]*\([_A-Za-z][_A-Za-z0-9]*\)$/\1 \2 \2/p'\'''
lt_cv_sys_global_symbol_to_c_name_address='sed -n -e '\''s/^: \([^ ]*\) $/  {\"\1\", (void *) 0},/p'\'' -e '\''s/^[ABCDGIRSTW]* \([^ ]*\) \([^ ]*\)$/  {"\2", (void *) \&\2},/p'\'''
lt_cv_sys_global_symbol_to_c_name_address_lib_prefix='sed -n -e '\''s/^: \([^ ]*\) $/  {\"\1\", (void *) 0},/p'\'' -e '\''s/^[ABCDGIRSTW]* \([^ ]*\) \(lib[^ ]*\)$/  {"\2", (void *) \&\2},/p'\'' -e '\''s/^[ABCDGIRSTW]* \([^ ]*\) \([^ ]*\)$/  {"lib\2", (void *) \&\2},/p'\'''
lt_cv_sys_global_symbol_to_cdecl='sed -n -e '\''s/^T .* \(.*\)$/extern int \1();/p'\'' -e '\''s/^[ABCDGIRSTW]* .* \(.*\)$/extern char \1;/p'\'''
lt_cv_sys_max_cmd_len=1572864
php_cv_cc_dashr=no
php_cv_cc_rpath=yes

## ----------------- ##
## Output variables. ##
## ----------------- ##

AR='ar'
AWK='gawk'
CC='cc'
CFLAGS='-g -O2'
CONFIGURE_COMMAND=' '\''./configure'\'' '
CONFIGURE_OPTIONS=''
CPP='cc -E'
CPPFLAGS=' -DHAVE_CONFIG_H'
DEFS='-DHAVE_CONFIG_H'
DSYMUTIL=''
DUMPBIN=''
ECHO_C=''
ECHO_N='-n'
ECHO_T=''
EGREP='/bin/grep -E'
EXEEXT=''
FGREP='/bin/grep -F'
GREP='/bin/grep'
LD='/usr/bin/ld'
LDFLAGS=''
LIBOBJS=''
LIBS=''
LIBTOOL='$(SHELL) $(top_builddir)/libtool'
LIPO=''
LN_S='ln -s'
LTLIBOBJS=''
NM='/usr/bin/nm -B'
NMEDIT=''
OBJDUMP='objdump'
OBJEXT='o'
OTOOL64=''
OTOOL=''
PACKAGE_BUGREPORT=''
PACKAGE_NAME=''
PACKAGE_STRING=''
PACKAGE_TARNAME=''
PACKAGE_URL=''
PACKAGE_VERSION=''
PATH_SEPARATOR=':'
RANLIB='ranlib'
RE2C='exit 0;'
SED='/bin/sed'
SHELL='/bin/bash'
SHLIB_DL_SUFFIX_NAME='so'
SHLIB_SUFFIX_NAME='so'
STRIP='strip'
ac_ct_CC='cc'
ac_ct_DUMPBIN=''
bindir='${exec_prefix}/bin'
build='i686-pc-linux-gnu'
build_alias=''
build_cpu='i686'
build_os='linux-gnu'
build_vendor='pc'
datadir='${datarootdir}'
datarootdir='${prefix}/share'
docdir='${datarootdir}/doc/${PACKAGE}'
dvidir='${docdir}'
exec_prefix='$(prefix)'
host='i686-pc-linux-gnu'
host_alias='i686-pc-linux-gnu'
host_cpu='i686'
host_os='linux-gnu'
host_vendor='pc'
htmldir='${docdir}'
includedir='${prefix}/include'
infodir='${datarootdir}/info'
libdir='${exec_prefix}/lib'
libexecdir='${exec_prefix}/libexec'
localedir='${datarootdir}/locale'
localstatedir='${prefix}/var'
lt_ECHO='echo'
mandir='${datarootdir}/man'
oldincludedir='/usr/include'
pdfdir='${docdir}'
prefix='/usr'
program_transform_name='s,x,x,'
psdir='${docdir}'
sbindir='${exec_prefix}/sbin'
sharedstatedir='${prefix}/com'
sysconfdir='${prefix}/etc'
target='i686-pc-linux-gnu'
target_alias=''
target_cpu='i686'
target_os='linux-gnu'
target_vendor='pc'

## ----------- ##
## confdefs.h. ##
## ----------- ##

/* confdefs.h */
#define PACKAGE_NAME ""
#define PACKAGE_TARNAME ""
#define PACKAGE_VERSION ""
#define PACKAGE_STRING ""
#define PACKAGE_BUGREPORT ""
#define PACKAGE_URL ""
#define COMPILE_DL_TIPI 1
#define STDC_HEADERS 1
#define HAVE_SYS_TYPES_H 1
#define HAVE_SYS_STAT_H 1
#define HAVE_STDLIB_H 1
#define HAVE_STRING_H 1
#define HAVE_MEMORY_H 1
#define HAVE_STRINGS_H 1
#define HAVE_INTTYPES_H 1
#define HAVE_STDINT_H 1
#define HAVE_UNISTD_H 1
#define HAVE_DLFCN_H 1
#define LT_OBJDIR ".libs/"

configure: exit 0
